2023-08-24 20:21:40,658 INFO [admin] [base.py (__init__:16)] - 正在获取浏览器驱动对象：<selenium.webdriver.chrome.webdriver.WebDriver (session="881f47f4c49e70655139aa62a416011a")>
2023-08-24 20:21:40,801 INFO [admin] [base.py (get_url:25)] - 打开网页：http://127.0.0.1/Home/user/reg.html
2023-08-24 20:21:41,823 INFO [admin] [base.py (base_find_element:37)] - 正在查找元素： ('css selector', '#username') 
2023-08-24 20:21:41,829 INFO [admin] [base.py (base_send_keys:50)] - 正在给元素： ('css selector', '#username') 输入内容：
2023-08-24 20:21:41,847 INFO [admin] [base.py (base_send_keys:53)] - 正在给元素：('css selector', '#username') 清空
2023-08-24 20:21:41,876 INFO [admin] [base.py (base_send_keys:56)] - 正在给元素： ('css selector', '#username') 输入内容
2023-08-24 20:21:42,383 INFO [admin] [base.py (base_find_element:37)] - 正在查找元素： ('css selector', '.J_imgcode') 
2023-08-24 20:21:42,388 INFO [admin] [base.py (base_send_keys:50)] - 正在给元素： ('css selector', '.J_imgcode') 输入内容：8888
2023-08-24 20:21:42,398 INFO [admin] [base.py (base_send_keys:53)] - 正在给元素：('css selector', '.J_imgcode') 清空
2023-08-24 20:21:42,420 INFO [admin] [base.py (base_send_keys:56)] - 正在给元素： ('css selector', '.J_imgcode') 输入内容
2023-08-24 20:21:42,929 INFO [admin] [base.py (base_find_element:37)] - 正在查找元素： ('css selector', '#password') 
2023-08-24 20:21:42,934 INFO [admin] [base.py (base_send_keys:50)] - 正在给元素： ('css selector', '#password') 输入内容：123123
2023-08-24 20:21:42,945 INFO [admin] [base.py (base_send_keys:53)] - 正在给元素：('css selector', '#password') 清空
2023-08-24 20:21:42,969 INFO [admin] [base.py (base_send_keys:56)] - 正在给元素： ('css selector', '#password') 输入内容
2023-08-24 20:21:43,475 INFO [admin] [base.py (base_find_element:37)] - 正在查找元素： ('css selector', '#password2') 
2023-08-24 20:21:43,501 INFO [admin] [base.py (base_send_keys:50)] - 正在给元素： ('css selector', '#password2') 输入内容：123123
2023-08-24 20:21:43,511 INFO [admin] [base.py (base_send_keys:53)] - 正在给元素：('css selector', '#password2') 清空
2023-08-24 20:21:43,533 INFO [admin] [base.py (base_send_keys:56)] - 正在给元素： ('css selector', '#password2') 输入内容
2023-08-24 20:21:44,038 INFO [admin] [base.py (base_find_element:37)] - 正在查找元素： ('css selector', '.fnlogin :nth-child(5) .J_cellphone') 
2023-08-24 20:21:44,047 INFO [admin] [base.py (base_send_keys:50)] - 正在给元素： ('css selector', '.fnlogin :nth-child(5) .J_cellphone') 输入内容：
2023-08-24 20:21:44,057 INFO [admin] [base.py (base_send_keys:53)] - 正在给元素：('css selector', '.fnlogin :nth-child(5) .J_cellphone') 清空
2023-08-24 20:21:44,076 INFO [admin] [base.py (base_send_keys:56)] - 正在给元素： ('css selector', '.fnlogin :nth-child(5) .J_cellphone') 输入内容
2023-08-24 20:21:44,076 INFO [admin] [base.py (base_find_element:37)] - 正在查找元素： ('css selector', '.fnlogin .J_btn_agree') 
2023-08-24 20:21:44,101 INFO [admin] [base.py (base_click_element:44)] - 正在点击元素：('css selector', '.fnlogin .J_btn_agree')
2023-08-24 20:21:45,113 INFO [admin] [base.py (base_get_text:60)] - 正在获取元素：('css selector', '.layui-layer-padding') 的文本内容
2023-08-24 20:21:45,115 INFO [admin] [base.py (base_find_element:37)] - 正在查找元素： ('css selector', '.layui-layer-padding') 
2023-08-24 20:21:45,204 INFO [admin] [base.py (__init__:16)] - 正在获取浏览器驱动对象：<selenium.webdriver.chrome.webdriver.WebDriver (session="881f47f4c49e70655139aa62a416011a")>
2023-08-24 20:21:45,255 INFO [admin] [base.py (get_url:25)] - 打开网页：http://127.0.0.1/Home/user/reg.html
2023-08-24 20:21:46,281 INFO [admin] [base.py (base_find_element:37)] - 正在查找元素： ('css selector', '#username') 
2023-08-24 20:21:46,311 INFO [admin] [base.py (base_send_keys:50)] - 正在给元素： ('css selector', '#username') 输入内容：17805591586
2023-08-24 20:21:46,328 INFO [admin] [base.py (base_send_keys:53)] - 正在给元素：('css selector', '#username') 清空
2023-08-24 20:21:46,357 INFO [admin] [base.py (base_send_keys:56)] - 正在给元素： ('css selector', '#username') 输入内容
2023-08-24 20:21:46,859 INFO [admin] [base.py (base_find_element:37)] - 正在查找元素： ('css selector', '.J_imgcode') 
2023-08-24 20:21:46,863 INFO [admin] [base.py (base_send_keys:50)] - 正在给元素： ('css selector', '.J_imgcode') 输入内容：8888
2023-08-24 20:21:46,872 INFO [admin] [base.py (base_send_keys:53)] - 正在给元素：('css selector', '.J_imgcode') 清空
2023-08-24 20:21:46,897 INFO [admin] [base.py (base_send_keys:56)] - 正在给元素： ('css selector', '.J_imgcode') 输入内容
2023-08-24 20:21:47,410 INFO [admin] [base.py (base_find_element:37)] - 正在查找元素： ('css selector', '#password') 
2023-08-24 20:21:47,419 INFO [admin] [base.py (base_send_keys:50)] - 正在给元素： ('css selector', '#password') 输入内容：123123
2023-08-24 20:21:47,432 INFO [admin] [base.py (base_send_keys:53)] - 正在给元素：('css selector', '#password') 清空
2023-08-24 20:21:47,454 INFO [admin] [base.py (base_send_keys:56)] - 正在给元素： ('css selector', '#password') 输入内容
2023-08-24 20:21:47,957 INFO [admin] [base.py (base_find_element:37)] - 正在查找元素： ('css selector', '#password2') 
2023-08-24 20:21:47,979 INFO [admin] [base.py (base_send_keys:50)] - 正在给元素： ('css selector', '#password2') 输入内容：123321
2023-08-24 20:21:47,992 INFO [admin] [base.py (base_send_keys:53)] - 正在给元素：('css selector', '#password2') 清空
2023-08-24 20:21:48,017 INFO [admin] [base.py (base_send_keys:56)] - 正在给元素： ('css selector', '#password2') 输入内容
2023-08-24 20:21:48,531 INFO [admin] [base.py (base_find_element:37)] - 正在查找元素： ('css selector', '.fnlogin :nth-child(5) .J_cellphone') 
2023-08-24 20:21:48,535 INFO [admin] [base.py (base_send_keys:50)] - 正在给元素： ('css selector', '.fnlogin :nth-child(5) .J_cellphone') 输入内容：
2023-08-24 20:21:48,544 INFO [admin] [base.py (base_send_keys:53)] - 正在给元素：('css selector', '.fnlogin :nth-child(5) .J_cellphone') 清空
2023-08-24 20:21:48,562 INFO [admin] [base.py (base_send_keys:56)] - 正在给元素： ('css selector', '.fnlogin :nth-child(5) .J_cellphone') 输入内容
2023-08-24 20:21:48,563 INFO [admin] [base.py (base_find_element:37)] - 正在查找元素： ('css selector', '.fnlogin .J_btn_agree') 
2023-08-24 20:21:48,580 INFO [admin] [base.py (base_click_element:44)] - 正在点击元素：('css selector', '.fnlogin .J_btn_agree')
2023-08-24 20:21:49,591 INFO [admin] [base.py (base_get_text:60)] - 正在获取元素：('css selector', '.layui-layer-padding') 的文本内容
2023-08-24 20:21:49,591 INFO [admin] [base.py (base_find_element:37)] - 正在查找元素： ('css selector', '.layui-layer-padding') 
2023-08-24 20:21:49,658 INFO [admin] [base.py (__init__:16)] - 正在获取浏览器驱动对象：<selenium.webdriver.chrome.webdriver.WebDriver (session="881f47f4c49e70655139aa62a416011a")>
2023-08-24 20:21:49,706 INFO [admin] [base.py (get_url:25)] - 打开网页：http://127.0.0.1/Home/user/reg.html
2023-08-24 20:21:50,732 INFO [admin] [base.py (base_find_element:37)] - 正在查找元素： ('css selector', '#username') 
2023-08-24 20:21:50,752 INFO [admin] [base.py (base_send_keys:50)] - 正在给元素： ('css selector', '#username') 输入内容：17901491586
2023-08-24 20:21:50,770 INFO [admin] [base.py (base_send_keys:53)] - 正在给元素：('css selector', '#username') 清空
2023-08-24 20:21:50,801 INFO [admin] [base.py (base_send_keys:56)] - 正在给元素： ('css selector', '#username') 输入内容
2023-08-24 20:21:51,312 INFO [admin] [base.py (base_find_element:37)] - 正在查找元素： ('css selector', '.J_imgcode') 
2023-08-24 20:21:51,326 INFO [admin] [base.py (base_send_keys:50)] - 正在给元素： ('css selector', '.J_imgcode') 输入内容：8888
2023-08-24 20:21:51,339 INFO [admin] [base.py (base_send_keys:53)] - 正在给元素：('css selector', '.J_imgcode') 清空
2023-08-24 20:21:51,362 INFO [admin] [base.py (base_send_keys:56)] - 正在给元素： ('css selector', '.J_imgcode') 输入内容
2023-08-24 20:21:51,863 INFO [admin] [base.py (base_find_element:37)] - 正在查找元素： ('css selector', '#password') 
2023-08-24 20:21:51,884 INFO [admin] [base.py (base_send_keys:50)] - 正在给元素： ('css selector', '#password') 输入内容：123123
2023-08-24 20:21:51,904 INFO [admin] [base.py (base_send_keys:53)] - 正在给元素：('css selector', '#password') 清空
2023-08-24 20:21:51,930 INFO [admin] [base.py (base_send_keys:56)] - 正在给元素： ('css selector', '#password') 输入内容
2023-08-24 20:21:52,442 INFO [admin] [base.py (base_find_element:37)] - 正在查找元素： ('css selector', '#password2') 
2023-08-24 20:21:52,455 INFO [admin] [base.py (base_send_keys:50)] - 正在给元素： ('css selector', '#password2') 输入内容：123123
2023-08-24 20:21:52,478 INFO [admin] [base.py (base_send_keys:53)] - 正在给元素：('css selector', '#password2') 清空
2023-08-24 20:21:52,504 INFO [admin] [base.py (base_send_keys:56)] - 正在给元素： ('css selector', '#password2') 输入内容
2023-08-24 20:21:53,019 INFO [admin] [base.py (base_find_element:37)] - 正在查找元素： ('css selector', '.fnlogin :nth-child(5) .J_cellphone') 
2023-08-24 20:21:53,037 INFO [admin] [base.py (base_send_keys:50)] - 正在给元素： ('css selector', '.fnlogin :nth-child(5) .J_cellphone') 输入内容：
2023-08-24 20:21:53,052 INFO [admin] [base.py (base_send_keys:53)] - 正在给元素：('css selector', '.fnlogin :nth-child(5) .J_cellphone') 清空
2023-08-24 20:21:53,070 INFO [admin] [base.py (base_send_keys:56)] - 正在给元素： ('css selector', '.fnlogin :nth-child(5) .J_cellphone') 输入内容
2023-08-24 20:21:53,070 INFO [admin] [base.py (base_find_element:37)] - 正在查找元素： ('css selector', '.fnlogin .J_btn_agree') 
2023-08-24 20:21:53,086 INFO [admin] [base.py (base_click_element:44)] - 正在点击元素：('css selector', '.fnlogin .J_btn_agree')
2023-08-24 20:21:54,098 INFO [admin] [base.py (base_get_text:60)] - 正在获取元素：('css selector', '.islogin :nth-child(2)') 的文本内容
2023-08-24 20:21:54,101 INFO [admin] [base.py (base_find_element:37)] - 正在查找元素： ('css selector', '.islogin :nth-child(2)') 
2023-08-24 20:21:57,409 INFO [admin] [base.py (base_find_element:37)] - 正在查找元素： ('css selector', '.islogin :nth-child(2)') 
2023-08-24 20:22:00,235 INFO [admin] [base.py (base_click_element:44)] - 正在点击元素：('css selector', '.islogin :nth-child(2)')
2023-08-24 20:22:00,235 INFO [admin] [base.py (base_find_element:37)] - 正在查找元素： ('css selector', '.nologin :nth-child(2)') 
2023-08-24 20:22:08,571 INFO [admin] [base.py (base_click_element:44)] - 正在点击元素：('css selector', '.nologin :nth-child(2)')
